<?xml version="1.0" encoding="UTF-8"?>
<testsuite name="The user wants to buy a cellphone by the page" tests="1" skipped="0" failures="0" errors="0" timestamp="2022-10-27T21:17:43" hostname="DESKTOP-J375612" time="7.281">
  <properties/>
  <testcase name="The user wants to log in" classname="The user wants to buy a cellphone by the page" time="7.281"/>
  <system-out><![CDATA[]]></system-out>
  <system-err><![CDATA[oct 27, 2022 4:17:43 PM org.openqa.selenium.remote.DesiredCapabilities chrome
INFORMACIÓN: Using `new ChromeOptions()` is preferred to `DesiredCapabilities.chrome()`
[Test worker] INFO net.serenitybdd.core.webdriver.driverproviders.ProvideNewDriver - Instantiating driver
[Test worker] INFO net.serenitybdd.core.webdriver.driverproviders.ProvideNewDriver - Driver capabilities: Capabilities {acceptInsecureCerts: false, browserName: chrome, chrome.switches: --start-maximized,--enable-..., goog:chromeOptions: {args: [--start-maximized, --enable-automation, --no-sandbox, --disable-gpu-sandbox, --disable-popup-blocking, --disable-infobars, --incognito, --enable-automation, --test-type], extensions: [], prefs: {behavior: allow, safebrowsing.enabled: false}}, handlesAlerts: false, platform: ANY, version: }
Starting ChromeDriver 106.0.5249.61 (511755355844955cd3e264779baf0dd38212a4d0-refs/branch-heads/5249@{#569}) on port 26757
Only local connections are allowed.
Please see https://chromedriver.chromium.org/security-considerations for suggestions on keeping ChromeDriver safe.
ChromeDriver was started successfully.
oct 27, 2022 4:17:45 PM org.openqa.selenium.remote.ProtocolHandshake createSession
INFORMACIÓN: Detected dialect: W3C
[Test worker] INFO net.thucydides.core.steps.ConsoleLoggingListener - 
        __    _____ _____ ____ _____   ____   _    ____  ____  _____ ____  
  _     \ \  |_   _| ____/ ___|_   _| |  _ \ / \  / ___|/ ___|| ____|  _ \ 
 (_)_____| |   | | |  _| \___ \ | |   | |_) / _ \ \___ \\___ \|  _| | | | |
  _|_____| |   | | | |___ ___) || |   |  __/ ___ \ ___) |___) | |___| |_| |
 (_)     | |   |_| |_____|____/ |_|   |_| /_/   \_\____/|____/|_____|____/ 
        /_/                                                                

TEST PASSED: The user wants to log in
----------------------------------------------------------------------------
]]></system-err>
</testsuite>
